TN:
SF:src/server.ts
FN:12,(anonymous_1)
FNF:1
FNH:0
FNDA:0,(anonymous_1)
DA:1,1
DA:2,1
DA:3,1
DA:4,1
DA:5,1
DA:7,1
DA:9,1
DA:10,1
DA:11,1
DA:12,1
DA:13,0
LF:11
LH:10
BRF:0
BRH:0
end_of_record
TN:
SF:src/docs/openapi.ts
FNF:0
FNH:0
DA:1,1
LF:1
LH:1
BRF:0
BRH:0
end_of_record
TN:
SF:src/vehicles/vehicle.router.ts
FN:17,(anonymous_0)
FN:36,(anonymous_1)
FN:46,(anonymous_2)
FN:66,(anonymous_3)
FN:75,(anonymous_4)
FNF:5
FNH:5
FNDA:2,(anonymous_0)
FNDA:2,(anonymous_1)
FNDA:4,(anonymous_2)
FNDA:2,(anonymous_3)
FNDA:2,(anonymous_4)
DA:1,1
DA:2,1
DA:3,1
DA:5,1
DA:6,1
DA:8,1
DA:17,1
DA:18,2
DA:19,2
DA:20,1
DA:22,1
DA:23,1
DA:33,1
DA:36,1
DA:37,2
DA:38,2
DA:39,2
DA:43,2
DA:46,1
DA:47,4
DA:48,4
DA:49,1
DA:51,3
DA:52,3
DA:53,3
DA:54,1
DA:56,2
DA:57,1
DA:59,1
DA:63,1
DA:66,1
DA:67,2
DA:68,2
DA:69,2
DA:70,1
DA:72,1
DA:75,1
DA:76,2
DA:79,2
DA:80,2
DA:81,1
DA:83,1
DA:84,1
DA:88,1
LF:44
LH:44
BRDA:19,0,0,1
BRDA:38,1,0,1
BRDA:38,1,1,1
BRDA:48,2,0,1
BRDA:53,3,0,1
BRDA:56,4,0,1
BRDA:69,5,0,1
BRDA:80,6,0,1
BRF:8
BRH:8
end_of_record
