TN:
SF:src/server.ts
FNF:0
FNH:0
DA:1,1
DA:2,1
DA:3,1
DA:5,1
DA:7,1
DA:8,1
LF:6
LH:6
BRF:0
BRH:0
end_of_record
TN:
SF:src/vehicles/vehicle.router.ts
FN:17,(anonymous_0)
FN:36,(anonymous_1)
FN:46,(anonymous_2)
FN:66,(anonymous_3)
FN:75,(anonymous_4)
FNF:5
FNH:5
FNDA:2,(anonymous_0)
FNDA:1,(anonymous_1)
FNDA:2,(anonymous_2)
FNDA:1,(anonymous_3)
FNDA:2,(anonymous_4)
DA:1,1
DA:2,1
DA:3,1
DA:5,1
DA:6,1
DA:8,1
DA:17,1
DA:18,2
DA:19,2
DA:20,1
DA:22,1
DA:23,1
DA:33,1
DA:36,1
DA:37,1
DA:38,1
DA:39,1
DA:43,1
DA:46,1
DA:47,2
DA:48,2
DA:49,0
DA:51,2
DA:52,2
DA:53,2
DA:54,1
DA:56,1
DA:57,1
DA:59,0
DA:63,0
DA:66,1
DA:67,1
DA:68,1
DA:69,1
DA:70,1
DA:72,0
DA:75,1
DA:76,2
DA:79,2
DA:80,2
DA:81,1
DA:83,1
DA:84,1
DA:88,1
LF:44
LH:40
BRDA:19,0,0,1
BRDA:38,1,0,1
BRDA:38,1,1,0
BRDA:48,2,0,0
BRDA:53,3,0,1
BRDA:56,4,0,1
BRDA:69,5,0,1
BRDA:80,6,0,1
BRF:8
BRH:6
end_of_record
